2022-05-05 09:50:26,854 INFO  - settingUpValidationRules test is starting.
2022-05-05 09:50:57,651 INFO  - testCreateNewMyceQuote1 test is starting.
2022-05-05 09:51:02,745 INFO  - testCreateNewMyceQuote2 test is starting.
2022-05-05 09:51:04,990 INFO  - testCreateNewMyceQuote3 test is starting.
2022-05-05 09:51:06,989 INFO  - testCreateNewMyceQuote4 test is starting.
2022-05-05 09:51:08,987 INFO  - testCreateNewMyceQuote5 test is starting.
2022-05-05 09:51:17,053 INFO  - testCreateNewMyceQuote6 test is starting.
2022-05-05 09:51:19,998 INFO  - testCreateNewMyceQuote7 test is starting.
2022-05-05 09:51:22,061 INFO  - testCreateNewMyceQuote8 test is starting.
2022-05-05 09:51:43,935 INFO  - testCreateNewCreditNoteLine test is starting.
2022-05-05 09:51:48,578 INFO  - testCreateNewPackageLine1 test is starting.
2022-05-05 09:51:55,885 INFO  - testCreateNewPackageLine2 test is starting.
2022-05-05 09:52:04,040 INFO  - testCreateNewPackageLine3 test is starting.
2022-05-05 09:52:17,754 INFO  - testCreateQuoteHotelRoom test is starting.
2022-05-05 09:52:28,759 INFO  - testCreateQuoteHotelRoom2 test is starting.
2022-05-05 09:52:42,417 INFO  - testCreateQuoteHotelRoom3 test is starting.
2022-05-05 09:52:56,221 INFO  - testCreateQuoteHotelRoom4 test is starting.
2022-05-05 09:53:09,073 INFO  - testCreateQuoteHotelRoom5 test is starting.
2022-05-05 09:53:24,444 INFO  - testCreateQuoteHotelRoom6 test is starting.
2022-05-05 09:53:42,216 INFO  - testCreateQuoteMeetingsRoom1 test is starting.
2022-05-05 09:54:06,840 INFO  - testCreateQuoteMeetingsRoom2 test is starting.
2022-05-05 09:54:34,773 INFO  - testCreateQuoteMeetingsRoom3 test is starting.
2022-05-05 09:54:51,768 INFO  - testCreateQuotePackage1 test is starting.
2022-05-05 09:55:04,865 INFO  - testCreateQuotePackage2 test is starting.
2022-05-05 09:55:32,741 INFO  - testCreateQuotePackage3 test is starting.
2022-05-05 09:55:40,824 INFO  - testCreateQuotePackage4 test is starting.
2022-05-05 09:55:50,626 INFO  - testCreateQuotePackage5 test is starting.
2022-05-05 09:56:04,785 INFO  - testCreateQuotePackage6 test is starting.
2022-05-05 09:56:25,303 INFO  - testCreateQuoteProduct1 test is starting.
2022-05-05 09:56:33,895 INFO  - testCreateQuoteProduct2 test is starting.
2022-05-05 09:56:49,064 INFO  - testCreateQuoteProduct3 test is starting.
2022-05-05 09:56:57,948 INFO  - testCreateQuoteProduct4 test is starting.
2022-05-05 09:57:10,966 INFO  - testCreateQuoteProduct5 test is starting.
2022-05-05 09:57:25,861 INFO  - testCreateQuoteProduct6 test is starting.
2022-05-05 09:57:40,853 INFO  - testCreateGuest test is starting.
2022-05-05 09:57:43,074 INFO  - testCreateItem test is starting.
2022-05-05 09:58:04,882 INFO  - testCreateReservation test is starting.
2022-05-05 09:58:16,755 INFO  - testCreateReservation2 test is starting.
2022-05-05 09:58:35,059 INFO  - testCreateResourceGrouping test is starting.
